<?xml version="1.0" encoding="UTF-8" ?>
<testsuites disabled="0" errors="0" failures="7" tests="9" time="15.252">
 <testsuite name="Homepage Test Suite" timestamp="2020-01-29T12:36:25" hostname="localhost" time="15.252" errors="0" tests="9" skipped="0" disabled="0" failures="7">
  <testcase classname="Homepage Test Suite" name="Page Logo Visibility" time="4.675" />
  <testcase classname="Homepage Test Suite" name="Vuelosicon verification" time="0.002">
   <failure type="exception" message="Failed: Cannot read property &apos;get&apos; of undefined"><![CDATA[TypeError: Cannot read property 'get' of undefined
    at homePage.getIconLink (/Users/matiasgit/Desktop/Protractor-Jasmine/pages/homePage.js:14:34)
    at UserContext.<anonymous> (/Users/matiasgit/Desktop/Protractor-Jasmine/specs/homePage/homePage.spec.js:15:29)
    at /usr/local/lib/node_modules/protractor/node_modules/jasminewd2/index.js:112:25
    at new ManagedPromise (/usr/local/lib/node_modules/protractor/node_modules/selenium-webdriver/lib/promise.js:1077:7)
    at ControlFlow.promise (/usr/local/lib/node_modules/protractor/node_modules/selenium-webdriver/lib/promise.js:2505:12)
    at schedulerExecute (/usr/local/lib/node_modules/protractor/node_modules/jasminewd2/index.js:95:18)
    at TaskQueue.execute_ (/usr/local/lib/node_modules/protractor/node_modules/selenium-webdriver/lib/promise.js:3084:14)
    at TaskQueue.executeNext_ (/usr/local/lib/node_modules/protractor/node_modules/selenium-webdriver/lib/promise.js:3067:27)
    at /usr/local/lib/node_modules/protractor/node_modules/selenium-webdriver/lib/promise.js:2974:25
    at /usr/local/lib/node_modules/protractor/node_modules/selenium-webdriver/lib/promise.js:668:7
From: Task: Run it("Vuelosicon verification") in control flow
    at UserContext.<anonymous> (/usr/local/lib/node_modules/protractor/node_modules/jasminewd2/index.js:94:19)
    at attempt (/usr/local/lib/node_modules/protractor/node_modules/jasmine-core/lib/jasmine-core/jasmine.js:4297:26)
    at QueueRunner.run (/usr/local/lib/node_modules/protractor/node_modules/jasmine-core/lib/jasmine-core/jasmine.js:4217:20)
    at QueueRunner.execute (/usr/local/lib/node_modules/protractor/node_modules/jasmine-core/lib/jasmine-core/jasmine.js:4199:10)
    at Spec.queueRunnerFactory (/usr/local/lib/node_modules/protractor/node_modules/jasmine-core/lib/jasmine-core/jasmine.js:909:35)
    at Spec.execute (/usr/local/lib/node_modules/protractor/node_modules/jasmine-core/lib/jasmine-core/jasmine.js:526:10)
    at UserContext.fn (/usr/local/lib/node_modules/protractor/node_modules/jasmine-core/lib/jasmine-core/jasmine.js:5340:37)
    at attempt (/usr/local/lib/node_modules/protractor/node_modules/jasmine-core/lib/jasmine-core/jasmine.js:4297:26)
    at QueueRunner.run (/usr/local/lib/node_modules/protractor/node_modules/jasmine-core/lib/jasmine-core/jasmine.js:4217:20)
    at runNext (/usr/local/lib/node_modules/protractor/node_modules/jasmine-core/lib/jasmine-core/jasmine.js:4257:20)
From asynchronous test: 
Error
    at /Users/matiasgit/Desktop/Protractor-Jasmine/specs/homePage/homePage.spec.js:13:9
    at /Users/matiasgit/Desktop/Protractor-Jasmine/node_modules/jasmine-data-provider/src/index.js:37:22
    at Array.forEach (<anonymous>)
    at /Users/matiasgit/Desktop/Protractor-Jasmine/node_modules/jasmine-data-provider/src/index.js:30:24
    at Suite.<anonymous> (/Users/matiasgit/Desktop/Protractor-Jasmine/specs/homePage/homePage.spec.js:12:5)
    at addSpecsToSuite (/usr/local/lib/node_modules/protractor/node_modules/jasmine-core/lib/jasmine-core/jasmine.js:1107:25)
    at Env.describe (/usr/local/lib/node_modules/protractor/node_modules/jasmine-core/lib/jasmine-core/jasmine.js:1074:7)
    at describe (/usr/local/lib/node_modules/protractor/node_modules/jasmine-core/lib/jasmine-core/jasmine.js:4399:18)
    at Object.<anonymous> (/Users/matiasgit/Desktop/Protractor-Jasmine/specs/homePage/homePage.spec.js:6:1)]]>
   </failure>
  </testcase>
  <testcase classname="Homepage Test Suite" name="Hotelesicon verification" time="1.517">
   <failure type="exception" message="Failed: Cannot read property &apos;get&apos; of undefined"><![CDATA[TypeError: Cannot read property 'get' of undefined
    at homePage.getIconLink (/Users/matiasgit/Desktop/Protractor-Jasmine/pages/homePage.js:14:34)
    at UserContext.<anonymous> (/Users/matiasgit/Desktop/Protractor-Jasmine/specs/homePage/homePage.spec.js:15:29)
    at /usr/local/lib/node_modules/protractor/node_modules/jasminewd2/index.js:112:25
    at new ManagedPromise (/usr/local/lib/node_modules/protractor/node_modules/selenium-webdriver/lib/promise.js:1077:7)
    at ControlFlow.promise (/usr/local/lib/node_modules/protractor/node_modules/selenium-webdriver/lib/promise.js:2505:12)
    at schedulerExecute (/usr/local/lib/node_modules/protractor/node_modules/jasminewd2/index.js:95:18)
    at TaskQueue.execute_ (/usr/local/lib/node_modules/protractor/node_modules/selenium-webdriver/lib/promise.js:3084:14)
    at TaskQueue.executeNext_ (/usr/local/lib/node_modules/protractor/node_modules/selenium-webdriver/lib/promise.js:3067:27)
    at /usr/local/lib/node_modules/protractor/node_modules/selenium-webdriver/lib/promise.js:2927:27
    at /usr/local/lib/node_modules/protractor/node_modules/selenium-webdriver/lib/promise.js:668:7
From: Task: Run it("Hotelesicon verification") in control flow
    at UserContext.<anonymous> (/usr/local/lib/node_modules/protractor/node_modules/jasminewd2/index.js:94:19)
    at attempt (/usr/local/lib/node_modules/protractor/node_modules/jasmine-core/lib/jasmine-core/jasmine.js:4297:26)
    at QueueRunner.run (/usr/local/lib/node_modules/protractor/node_modules/jasmine-core/lib/jasmine-core/jasmine.js:4217:20)
    at QueueRunner.execute (/usr/local/lib/node_modules/protractor/node_modules/jasmine-core/lib/jasmine-core/jasmine.js:4199:10)
    at Spec.queueRunnerFactory (/usr/local/lib/node_modules/protractor/node_modules/jasmine-core/lib/jasmine-core/jasmine.js:909:35)
    at Spec.execute (/usr/local/lib/node_modules/protractor/node_modules/jasmine-core/lib/jasmine-core/jasmine.js:526:10)
    at UserContext.fn (/usr/local/lib/node_modules/protractor/node_modules/jasmine-core/lib/jasmine-core/jasmine.js:5340:37)
    at attempt (/usr/local/lib/node_modules/protractor/node_modules/jasmine-core/lib/jasmine-core/jasmine.js:4297:26)
    at QueueRunner.run (/usr/local/lib/node_modules/protractor/node_modules/jasmine-core/lib/jasmine-core/jasmine.js:4217:20)
    at runNext (/usr/local/lib/node_modules/protractor/node_modules/jasmine-core/lib/jasmine-core/jasmine.js:4257:20)
From asynchronous test: 
Error
    at /Users/matiasgit/Desktop/Protractor-Jasmine/specs/homePage/homePage.spec.js:13:9
    at /Users/matiasgit/Desktop/Protractor-Jasmine/node_modules/jasmine-data-provider/src/index.js:37:22
    at Array.forEach (<anonymous>)
    at /Users/matiasgit/Desktop/Protractor-Jasmine/node_modules/jasmine-data-provider/src/index.js:30:24
    at Suite.<anonymous> (/Users/matiasgit/Desktop/Protractor-Jasmine/specs/homePage/homePage.spec.js:12:5)
    at addSpecsToSuite (/usr/local/lib/node_modules/protractor/node_modules/jasmine-core/lib/jasmine-core/jasmine.js:1107:25)
    at Env.describe (/usr/local/lib/node_modules/protractor/node_modules/jasmine-core/lib/jasmine-core/jasmine.js:1074:7)
    at describe (/usr/local/lib/node_modules/protractor/node_modules/jasmine-core/lib/jasmine-core/jasmine.js:4399:18)
    at Object.<anonymous> (/Users/matiasgit/Desktop/Protractor-Jasmine/specs/homePage/homePage.spec.js:6:1)]]>
   </failure>
  </testcase>
  <testcase classname="Homepage Test Suite" name="Paquetesicon verification" time="1.703">
   <failure type="exception" message="Failed: Cannot read property &apos;get&apos; of undefined"><![CDATA[TypeError: Cannot read property 'get' of undefined
    at homePage.getIconLink (/Users/matiasgit/Desktop/Protractor-Jasmine/pages/homePage.js:14:34)
    at UserContext.<anonymous> (/Users/matiasgit/Desktop/Protractor-Jasmine/specs/homePage/homePage.spec.js:15:29)
    at /usr/local/lib/node_modules/protractor/node_modules/jasminewd2/index.js:112:25
    at new ManagedPromise (/usr/local/lib/node_modules/protractor/node_modules/selenium-webdriver/lib/promise.js:1077:7)
    at ControlFlow.promise (/usr/local/lib/node_modules/protractor/node_modules/selenium-webdriver/lib/promise.js:2505:12)
    at schedulerExecute (/usr/local/lib/node_modules/protractor/node_modules/jasminewd2/index.js:95:18)
    at TaskQueue.execute_ (/usr/local/lib/node_modules/protractor/node_modules/selenium-webdriver/lib/promise.js:3084:14)
    at TaskQueue.executeNext_ (/usr/local/lib/node_modules/protractor/node_modules/selenium-webdriver/lib/promise.js:3067:27)
    at /usr/local/lib/node_modules/protractor/node_modules/selenium-webdriver/lib/promise.js:2927:27
    at /usr/local/lib/node_modules/protractor/node_modules/selenium-webdriver/lib/promise.js:668:7
From: Task: Run it("Paquetesicon verification") in control flow
    at UserContext.<anonymous> (/usr/local/lib/node_modules/protractor/node_modules/jasminewd2/index.js:94:19)
    at attempt (/usr/local/lib/node_modules/protractor/node_modules/jasmine-core/lib/jasmine-core/jasmine.js:4297:26)
    at QueueRunner.run (/usr/local/lib/node_modules/protractor/node_modules/jasmine-core/lib/jasmine-core/jasmine.js:4217:20)
    at QueueRunner.execute (/usr/local/lib/node_modules/protractor/node_modules/jasmine-core/lib/jasmine-core/jasmine.js:4199:10)
    at Spec.queueRunnerFactory (/usr/local/lib/node_modules/protractor/node_modules/jasmine-core/lib/jasmine-core/jasmine.js:909:35)
    at Spec.execute (/usr/local/lib/node_modules/protractor/node_modules/jasmine-core/lib/jasmine-core/jasmine.js:526:10)
    at UserContext.fn (/usr/local/lib/node_modules/protractor/node_modules/jasmine-core/lib/jasmine-core/jasmine.js:5340:37)
    at attempt (/usr/local/lib/node_modules/protractor/node_modules/jasmine-core/lib/jasmine-core/jasmine.js:4297:26)
    at QueueRunner.run (/usr/local/lib/node_modules/protractor/node_modules/jasmine-core/lib/jasmine-core/jasmine.js:4217:20)
    at runNext (/usr/local/lib/node_modules/protractor/node_modules/jasmine-core/lib/jasmine-core/jasmine.js:4257:20)
From asynchronous test: 
Error
    at /Users/matiasgit/Desktop/Protractor-Jasmine/specs/homePage/homePage.spec.js:13:9
    at /Users/matiasgit/Desktop/Protractor-Jasmine/node_modules/jasmine-data-provider/src/index.js:37:22
    at Array.forEach (<anonymous>)
    at /Users/matiasgit/Desktop/Protractor-Jasmine/node_modules/jasmine-data-provider/src/index.js:30:24
    at Suite.<anonymous> (/Users/matiasgit/Desktop/Protractor-Jasmine/specs/homePage/homePage.spec.js:12:5)
    at addSpecsToSuite (/usr/local/lib/node_modules/protractor/node_modules/jasmine-core/lib/jasmine-core/jasmine.js:1107:25)
    at Env.describe (/usr/local/lib/node_modules/protractor/node_modules/jasmine-core/lib/jasmine-core/jasmine.js:1074:7)
    at describe (/usr/local/lib/node_modules/protractor/node_modules/jasmine-core/lib/jasmine-core/jasmine.js:4399:18)
    at Object.<anonymous> (/Users/matiasgit/Desktop/Protractor-Jasmine/specs/homePage/homePage.spec.js:6:1)]]>
   </failure>
  </testcase>
  <testcase classname="Homepage Test Suite" name="Microsicon verification" time="1.305">
   <failure type="exception" message="Failed: Cannot read property &apos;get&apos; of undefined"><![CDATA[TypeError: Cannot read property 'get' of undefined
    at homePage.getIconLink (/Users/matiasgit/Desktop/Protractor-Jasmine/pages/homePage.js:14:34)
    at UserContext.<anonymous> (/Users/matiasgit/Desktop/Protractor-Jasmine/specs/homePage/homePage.spec.js:15:29)
    at /usr/local/lib/node_modules/protractor/node_modules/jasminewd2/index.js:112:25
    at new ManagedPromise (/usr/local/lib/node_modules/protractor/node_modules/selenium-webdriver/lib/promise.js:1077:7)
    at ControlFlow.promise (/usr/local/lib/node_modules/protractor/node_modules/selenium-webdriver/lib/promise.js:2505:12)
    at schedulerExecute (/usr/local/lib/node_modules/protractor/node_modules/jasminewd2/index.js:95:18)
    at TaskQueue.execute_ (/usr/local/lib/node_modules/protractor/node_modules/selenium-webdriver/lib/promise.js:3084:14)
    at TaskQueue.executeNext_ (/usr/local/lib/node_modules/protractor/node_modules/selenium-webdriver/lib/promise.js:3067:27)
    at /usr/local/lib/node_modules/protractor/node_modules/selenium-webdriver/lib/promise.js:2927:27
    at /usr/local/lib/node_modules/protractor/node_modules/selenium-webdriver/lib/promise.js:668:7
From: Task: Run it("Microsicon verification") in control flow
    at UserContext.<anonymous> (/usr/local/lib/node_modules/protractor/node_modules/jasminewd2/index.js:94:19)
    at attempt (/usr/local/lib/node_modules/protractor/node_modules/jasmine-core/lib/jasmine-core/jasmine.js:4297:26)
    at QueueRunner.run (/usr/local/lib/node_modules/protractor/node_modules/jasmine-core/lib/jasmine-core/jasmine.js:4217:20)
    at QueueRunner.execute (/usr/local/lib/node_modules/protractor/node_modules/jasmine-core/lib/jasmine-core/jasmine.js:4199:10)
    at Spec.queueRunnerFactory (/usr/local/lib/node_modules/protractor/node_modules/jasmine-core/lib/jasmine-core/jasmine.js:909:35)
    at Spec.execute (/usr/local/lib/node_modules/protractor/node_modules/jasmine-core/lib/jasmine-core/jasmine.js:526:10)
    at UserContext.fn (/usr/local/lib/node_modules/protractor/node_modules/jasmine-core/lib/jasmine-core/jasmine.js:5340:37)
    at attempt (/usr/local/lib/node_modules/protractor/node_modules/jasmine-core/lib/jasmine-core/jasmine.js:4297:26)
    at QueueRunner.run (/usr/local/lib/node_modules/protractor/node_modules/jasmine-core/lib/jasmine-core/jasmine.js:4217:20)
    at runNext (/usr/local/lib/node_modules/protractor/node_modules/jasmine-core/lib/jasmine-core/jasmine.js:4257:20)
From asynchronous test: 
Error
    at /Users/matiasgit/Desktop/Protractor-Jasmine/specs/homePage/homePage.spec.js:13:9
    at /Users/matiasgit/Desktop/Protractor-Jasmine/node_modules/jasmine-data-provider/src/index.js:37:22
    at Array.forEach (<anonymous>)
    at /Users/matiasgit/Desktop/Protractor-Jasmine/node_modules/jasmine-data-provider/src/index.js:30:24
    at Suite.<anonymous> (/Users/matiasgit/Desktop/Protractor-Jasmine/specs/homePage/homePage.spec.js:12:5)
    at addSpecsToSuite (/usr/local/lib/node_modules/protractor/node_modules/jasmine-core/lib/jasmine-core/jasmine.js:1107:25)
    at Env.describe (/usr/local/lib/node_modules/protractor/node_modules/jasmine-core/lib/jasmine-core/jasmine.js:1074:7)
    at describe (/usr/local/lib/node_modules/protractor/node_modules/jasmine-core/lib/jasmine-core/jasmine.js:4399:18)
    at Object.<anonymous> (/Users/matiasgit/Desktop/Protractor-Jasmine/specs/homePage/homePage.spec.js:6:1)]]>
   </failure>
  </testcase>
  <testcase classname="Homepage Test Suite" name="Autosicon verification" time="1.316">
   <failure type="exception" message="Failed: Cannot read property &apos;get&apos; of undefined"><![CDATA[TypeError: Cannot read property 'get' of undefined
    at homePage.getIconLink (/Users/matiasgit/Desktop/Protractor-Jasmine/pages/homePage.js:14:34)
    at UserContext.<anonymous> (/Users/matiasgit/Desktop/Protractor-Jasmine/specs/homePage/homePage.spec.js:15:29)
    at /usr/local/lib/node_modules/protractor/node_modules/jasminewd2/index.js:112:25
    at new ManagedPromise (/usr/local/lib/node_modules/protractor/node_modules/selenium-webdriver/lib/promise.js:1077:7)
    at ControlFlow.promise (/usr/local/lib/node_modules/protractor/node_modules/selenium-webdriver/lib/promise.js:2505:12)
    at schedulerExecute (/usr/local/lib/node_modules/protractor/node_modules/jasminewd2/index.js:95:18)
    at TaskQueue.execute_ (/usr/local/lib/node_modules/protractor/node_modules/selenium-webdriver/lib/promise.js:3084:14)
    at TaskQueue.executeNext_ (/usr/local/lib/node_modules/protractor/node_modules/selenium-webdriver/lib/promise.js:3067:27)
    at /usr/local/lib/node_modules/protractor/node_modules/selenium-webdriver/lib/promise.js:2927:27
    at /usr/local/lib/node_modules/protractor/node_modules/selenium-webdriver/lib/promise.js:668:7
From: Task: Run it("Autosicon verification") in control flow
    at UserContext.<anonymous> (/usr/local/lib/node_modules/protractor/node_modules/jasminewd2/index.js:94:19)
    at attempt (/usr/local/lib/node_modules/protractor/node_modules/jasmine-core/lib/jasmine-core/jasmine.js:4297:26)
    at QueueRunner.run (/usr/local/lib/node_modules/protractor/node_modules/jasmine-core/lib/jasmine-core/jasmine.js:4217:20)
    at QueueRunner.execute (/usr/local/lib/node_modules/protractor/node_modules/jasmine-core/lib/jasmine-core/jasmine.js:4199:10)
    at Spec.queueRunnerFactory (/usr/local/lib/node_modules/protractor/node_modules/jasmine-core/lib/jasmine-core/jasmine.js:909:35)
    at Spec.execute (/usr/local/lib/node_modules/protractor/node_modules/jasmine-core/lib/jasmine-core/jasmine.js:526:10)
    at UserContext.fn (/usr/local/lib/node_modules/protractor/node_modules/jasmine-core/lib/jasmine-core/jasmine.js:5340:37)
    at attempt (/usr/local/lib/node_modules/protractor/node_modules/jasmine-core/lib/jasmine-core/jasmine.js:4297:26)
    at QueueRunner.run (/usr/local/lib/node_modules/protractor/node_modules/jasmine-core/lib/jasmine-core/jasmine.js:4217:20)
    at runNext (/usr/local/lib/node_modules/protractor/node_modules/jasmine-core/lib/jasmine-core/jasmine.js:4257:20)
From asynchronous test: 
Error
    at /Users/matiasgit/Desktop/Protractor-Jasmine/specs/homePage/homePage.spec.js:13:9
    at /Users/matiasgit/Desktop/Protractor-Jasmine/node_modules/jasmine-data-provider/src/index.js:37:22
    at Array.forEach (<anonymous>)
    at /Users/matiasgit/Desktop/Protractor-Jasmine/node_modules/jasmine-data-provider/src/index.js:30:24
    at Suite.<anonymous> (/Users/matiasgit/Desktop/Protractor-Jasmine/specs/homePage/homePage.spec.js:12:5)
    at addSpecsToSuite (/usr/local/lib/node_modules/protractor/node_modules/jasmine-core/lib/jasmine-core/jasmine.js:1107:25)
    at Env.describe (/usr/local/lib/node_modules/protractor/node_modules/jasmine-core/lib/jasmine-core/jasmine.js:1074:7)
    at describe (/usr/local/lib/node_modules/protractor/node_modules/jasmine-core/lib/jasmine-core/jasmine.js:4399:18)
    at Object.<anonymous> (/Users/matiasgit/Desktop/Protractor-Jasmine/specs/homePage/homePage.spec.js:6:1)]]>
   </failure>
  </testcase>
  <testcase classname="Homepage Test Suite" name="Promocionesicon verification" time="1.485">
   <failure type="exception" message="Failed: Cannot read property &apos;get&apos; of undefined"><![CDATA[TypeError: Cannot read property 'get' of undefined
    at homePage.getIconLink (/Users/matiasgit/Desktop/Protractor-Jasmine/pages/homePage.js:14:34)
    at UserContext.<anonymous> (/Users/matiasgit/Desktop/Protractor-Jasmine/specs/homePage/homePage.spec.js:15:29)
    at /usr/local/lib/node_modules/protractor/node_modules/jasminewd2/index.js:112:25
    at new ManagedPromise (/usr/local/lib/node_modules/protractor/node_modules/selenium-webdriver/lib/promise.js:1077:7)
    at ControlFlow.promise (/usr/local/lib/node_modules/protractor/node_modules/selenium-webdriver/lib/promise.js:2505:12)
    at schedulerExecute (/usr/local/lib/node_modules/protractor/node_modules/jasminewd2/index.js:95:18)
    at TaskQueue.execute_ (/usr/local/lib/node_modules/protractor/node_modules/selenium-webdriver/lib/promise.js:3084:14)
    at TaskQueue.executeNext_ (/usr/local/lib/node_modules/protractor/node_modules/selenium-webdriver/lib/promise.js:3067:27)
    at /usr/local/lib/node_modules/protractor/node_modules/selenium-webdriver/lib/promise.js:2927:27
    at /usr/local/lib/node_modules/protractor/node_modules/selenium-webdriver/lib/promise.js:668:7
From: Task: Run it("Promocionesicon verification") in control flow
    at UserContext.<anonymous> (/usr/local/lib/node_modules/protractor/node_modules/jasminewd2/index.js:94:19)
    at attempt (/usr/local/lib/node_modules/protractor/node_modules/jasmine-core/lib/jasmine-core/jasmine.js:4297:26)
    at QueueRunner.run (/usr/local/lib/node_modules/protractor/node_modules/jasmine-core/lib/jasmine-core/jasmine.js:4217:20)
    at QueueRunner.execute (/usr/local/lib/node_modules/protractor/node_modules/jasmine-core/lib/jasmine-core/jasmine.js:4199:10)
    at Spec.queueRunnerFactory (/usr/local/lib/node_modules/protractor/node_modules/jasmine-core/lib/jasmine-core/jasmine.js:909:35)
    at Spec.execute (/usr/local/lib/node_modules/protractor/node_modules/jasmine-core/lib/jasmine-core/jasmine.js:526:10)
    at UserContext.fn (/usr/local/lib/node_modules/protractor/node_modules/jasmine-core/lib/jasmine-core/jasmine.js:5340:37)
    at attempt (/usr/local/lib/node_modules/protractor/node_modules/jasmine-core/lib/jasmine-core/jasmine.js:4297:26)
    at QueueRunner.run (/usr/local/lib/node_modules/protractor/node_modules/jasmine-core/lib/jasmine-core/jasmine.js:4217:20)
    at runNext (/usr/local/lib/node_modules/protractor/node_modules/jasmine-core/lib/jasmine-core/jasmine.js:4257:20)
From asynchronous test: 
Error
    at /Users/matiasgit/Desktop/Protractor-Jasmine/specs/homePage/homePage.spec.js:13:9
    at /Users/matiasgit/Desktop/Protractor-Jasmine/node_modules/jasmine-data-provider/src/index.js:37:22
    at Array.forEach (<anonymous>)
    at /Users/matiasgit/Desktop/Protractor-Jasmine/node_modules/jasmine-data-provider/src/index.js:30:24
    at Suite.<anonymous> (/Users/matiasgit/Desktop/Protractor-Jasmine/specs/homePage/homePage.spec.js:12:5)
    at addSpecsToSuite (/usr/local/lib/node_modules/protractor/node_modules/jasmine-core/lib/jasmine-core/jasmine.js:1107:25)
    at Env.describe (/usr/local/lib/node_modules/protractor/node_modules/jasmine-core/lib/jasmine-core/jasmine.js:1074:7)
    at describe (/usr/local/lib/node_modules/protractor/node_modules/jasmine-core/lib/jasmine-core/jasmine.js:4399:18)
    at Object.<anonymous> (/Users/matiasgit/Desktop/Protractor-Jasmine/specs/homePage/homePage.spec.js:6:1)]]>
   </failure>
  </testcase>
  <testcase classname="Homepage Test Suite" name="Seguros de Viajesicon verification" time="1.567">
   <failure type="exception" message="Failed: Cannot read property &apos;get&apos; of undefined"><![CDATA[TypeError: Cannot read property 'get' of undefined
    at homePage.getIconLink (/Users/matiasgit/Desktop/Protractor-Jasmine/pages/homePage.js:14:34)
    at UserContext.<anonymous> (/Users/matiasgit/Desktop/Protractor-Jasmine/specs/homePage/homePage.spec.js:15:29)
    at /usr/local/lib/node_modules/protractor/node_modules/jasminewd2/index.js:112:25
    at new ManagedPromise (/usr/local/lib/node_modules/protractor/node_modules/selenium-webdriver/lib/promise.js:1077:7)
    at ControlFlow.promise (/usr/local/lib/node_modules/protractor/node_modules/selenium-webdriver/lib/promise.js:2505:12)
    at schedulerExecute (/usr/local/lib/node_modules/protractor/node_modules/jasminewd2/index.js:95:18)
    at TaskQueue.execute_ (/usr/local/lib/node_modules/protractor/node_modules/selenium-webdriver/lib/promise.js:3084:14)
    at TaskQueue.executeNext_ (/usr/local/lib/node_modules/protractor/node_modules/selenium-webdriver/lib/promise.js:3067:27)
    at /usr/local/lib/node_modules/protractor/node_modules/selenium-webdriver/lib/promise.js:2927:27
    at /usr/local/lib/node_modules/protractor/node_modules/selenium-webdriver/lib/promise.js:668:7
From: Task: Run it("Seguros de Viajesicon verification") in control flow
    at UserContext.<anonymous> (/usr/local/lib/node_modules/protractor/node_modules/jasminewd2/index.js:94:19)
    at attempt (/usr/local/lib/node_modules/protractor/node_modules/jasmine-core/lib/jasmine-core/jasmine.js:4297:26)
    at QueueRunner.run (/usr/local/lib/node_modules/protractor/node_modules/jasmine-core/lib/jasmine-core/jasmine.js:4217:20)
    at QueueRunner.execute (/usr/local/lib/node_modules/protractor/node_modules/jasmine-core/lib/jasmine-core/jasmine.js:4199:10)
    at Spec.queueRunnerFactory (/usr/local/lib/node_modules/protractor/node_modules/jasmine-core/lib/jasmine-core/jasmine.js:909:35)
    at Spec.execute (/usr/local/lib/node_modules/protractor/node_modules/jasmine-core/lib/jasmine-core/jasmine.js:526:10)
    at UserContext.fn (/usr/local/lib/node_modules/protractor/node_modules/jasmine-core/lib/jasmine-core/jasmine.js:5340:37)
    at attempt (/usr/local/lib/node_modules/protractor/node_modules/jasmine-core/lib/jasmine-core/jasmine.js:4297:26)
    at QueueRunner.run (/usr/local/lib/node_modules/protractor/node_modules/jasmine-core/lib/jasmine-core/jasmine.js:4217:20)
    at runNext (/usr/local/lib/node_modules/protractor/node_modules/jasmine-core/lib/jasmine-core/jasmine.js:4257:20)
From asynchronous test: 
Error
    at /Users/matiasgit/Desktop/Protractor-Jasmine/specs/homePage/homePage.spec.js:13:9
    at /Users/matiasgit/Desktop/Protractor-Jasmine/node_modules/jasmine-data-provider/src/index.js:37:22
    at Array.forEach (<anonymous>)
    at /Users/matiasgit/Desktop/Protractor-Jasmine/node_modules/jasmine-data-provider/src/index.js:30:24
    at Suite.<anonymous> (/Users/matiasgit/Desktop/Protractor-Jasmine/specs/homePage/homePage.spec.js:12:5)
    at addSpecsToSuite (/usr/local/lib/node_modules/protractor/node_modules/jasmine-core/lib/jasmine-core/jasmine.js:1107:25)
    at Env.describe (/usr/local/lib/node_modules/protractor/node_modules/jasmine-core/lib/jasmine-core/jasmine.js:1074:7)
    at describe (/usr/local/lib/node_modules/protractor/node_modules/jasmine-core/lib/jasmine-core/jasmine.js:4399:18)
    at Object.<anonymous> (/Users/matiasgit/Desktop/Protractor-Jasmine/specs/homePage/homePage.spec.js:6:1)]]>
   </failure>
  </testcase>
  <testcase classname="Homepage Test Suite" name="Login Button Verification" time="1.68" />
 </testsuite>
</testsuites>